0 verbose cli D:\yuyan\node\node.exe D:\yuyan\node\node_modules\npm\bin\npm-cli.js
1 info using npm@10.9.2
2 info using node@v22.16.0
3 silly config load:file:D:\yuyan\node\node_modules\npm\npmrc
4 silly config load:file:D:\javacode\untitled\resume\.npmrc
5 silly config load:file:C:\Users\13202\.npmrc
6 silly config load:file:D:\yuyan\node\node_global\etc\npmrc
7 verbose title npm outdated copy-webpack-plugin webpack-cli webpack html-webpack-plugin webpack-merge webpack-dev-server
8 verbose argv "outdated" "--json" "copy-webpack-plugin" "webpack-cli" "webpack" "html-webpack-plugin" "webpack-merge" "webpack-dev-server"
9 verbose logfile logs-max:10 dir:D:\javacode\untitled\resume\.npm-cache\_logs\2026-01-09T13_19_26_626Z-
10 verbose logfile D:\javacode\untitled\resume\.npm-cache\_logs\2026-01-09T13_19_26_626Z-debug-0.log
11 silly logfile start cleaning logs, removing 1 files
12 silly packumentCache heap:4345298944 maxSize:1086324736 maxEntrySize:543162368
13 silly logfile done cleaning log files
14 verbose cwd D:\javacode\untitled\resume
15 verbose os Windows_NT 10.0.19045
16 verbose node v22.16.0
17 verbose npm  v10.9.2
18 verbose exit 0
19 info ok
